TN:
SF:components\GradientButton.tsx
FN:7,(anonymous_0)
FNF:1
FNH:1
FNDA:1,(anonymous_0)
DA:7,1
DA:8,1
DA:24,1
LF:3
LH:3
BRF:0
BRH:0
end_of_record
TN:
SF:screens\Settings\Appearance.tsx
FN:39,(anonymous_0)
FN:46,(anonymous_1)
FN:52,(anonymous_2)
FN:53,(anonymous_3)
FN:60,(anonymous_4)
FN:107,(anonymous_5)
FN:121,(anonymous_6)
FN:135,(anonymous_7)
FN:155,(anonymous_8)
FN:160,(anonymous_9)
FN:165,(anonymous_10)
FN:170,(anonymous_11)
FN:175,(anonymous_12)
FN:182,(anonymous_13)
FN:187,(anonymous_14)
FN:192,(anonymous_15)
FN:197,(anonymous_16)
FN:202,(anonymous_17)
FN:203,(anonymous_18)
FN:221,(anonymous_19)
FNF:20
FNH:1
FNDA:2,(anonymous_0)
FNDA:0,(anonymous_1)
FNDA:0,(anonymous_2)
FNDA:0,(anonymous_3)
FNDA:0,(anonymous_4)
FNDA:0,(anonymous_5)
FNDA:0,(anonymous_6)
FNDA:0,(anonymous_7)
FNDA:0,(anonymous_8)
FNDA:0,(anonymous_9)
FNDA:0,(anonymous_10)
FNDA:0,(anonymous_11)
FNDA:0,(anonymous_12)
FNDA:0,(anonymous_13)
FNDA:0,(anonymous_14)
FNDA:0,(anonymous_15)
FNDA:0,(anonymous_16)
FNDA:0,(anonymous_17)
FNDA:0,(anonymous_18)
FNDA:0,(anonymous_19)
DA:28,1
DA:33,1
DA:39,1
DA:40,2
DA:41,1
DA:42,1
DA:43,1
DA:44,1
DA:46,1
DA:47,0
DA:48,0
DA:49,0
DA:52,1
DA:53,0
DA:54,0
DA:55,0
DA:57,0
DA:60,1
DA:77,0
DA:82,1
DA:107,0
DA:121,0
DA:135,0
DA:155,0
DA:160,0
DA:165,0
DA:170,0
DA:175,0
DA:182,0
DA:187,0
DA:192,0
DA:197,0
DA:202,0
DA:203,0
DA:221,0
DA:240,1
LF:36
LH:13
BRDA:44,0,0,0
BRDA:44,0,1,1
BRDA:83,1,0,0
BRDA:83,1,1,1
BRDA:90,2,0,0
BRDA:90,2,1,1
BRDA:93,3,0,0
BRDA:93,3,1,1
BRDA:99,4,0,0
BRDA:99,4,1,1
BRDA:105,5,0,0
BRDA:105,5,1,1
BRDA:106,6,0,0
BRDA:106,6,1,1
BRDA:113,7,0,1
BRDA:113,7,1,0
BRDA:113,8,0,0
BRDA:113,8,1,0
BRDA:118,9,0,0
BRDA:118,9,1,1
BRDA:126,10,0,0
BRDA:126,10,1,1
BRDA:126,11,0,0
BRDA:126,11,1,1
BRDA:132,12,0,0
BRDA:132,12,1,1
BRDA:140,13,0,0
BRDA:140,13,1,1
BRDA:140,14,0,0
BRDA:140,14,1,1
BRDA:146,15,0,0
BRDA:146,15,1,1
BRDA:152,16,0,0
BRDA:152,16,1,1
BRDA:153,17,0,0
BRDA:153,17,1,1
BRDA:156,18,0,0
BRDA:156,18,1,1
BRDA:157,19,0,0
BRDA:157,19,1,1
BRDA:161,20,0,0
BRDA:161,20,1,1
BRDA:162,21,0,0
BRDA:162,21,1,1
BRDA:166,22,0,0
BRDA:166,22,1,1
BRDA:167,23,0,0
BRDA:167,23,1,1
BRDA:171,24,0,1
BRDA:171,24,1,0
BRDA:172,25,0,0
BRDA:172,25,1,1
BRDA:176,26,0,0
BRDA:176,26,1,1
BRDA:177,27,0,0
BRDA:177,27,1,1
BRDA:183,28,0,0
BRDA:183,28,1,1
BRDA:184,29,0,0
BRDA:184,29,1,1
BRDA:188,30,0,0
BRDA:188,30,1,1
BRDA:189,31,0,0
BRDA:189,31,1,1
BRDA:193,32,0,0
BRDA:193,32,1,1
BRDA:194,33,0,0
BRDA:194,33,1,1
BRDA:198,34,0,0
BRDA:198,34,1,1
BRDA:199,35,0,0
BRDA:199,35,1,1
BRDA:203,36,0,0
BRDA:203,36,1,1
BRDA:204,37,0,0
BRDA:204,37,1,1
BRDA:209,38,0,0
BRDA:209,38,1,1
BRDA:216,39,0,0
BRDA:216,39,1,1
BRF:80
BRH:39
end_of_record
TN:
SF:screens\Settings\assets\black.png
FNF:0
FNH:0
DA:1,1
LF:1
LH:1
BRF:0
BRH:0
end_of_record
TN:
SF:screens\Settings\assets\system.png
FNF:0
FNH:0
DA:1,1
LF:1
LH:1
BRF:0
BRH:0
end_of_record
TN:
SF:screens\Settings\assets\white.png
FNF:0
FNH:0
DA:1,1
LF:1
LH:1
BRF:0
BRH:0
end_of_record
