mode: set
github.com/COS301-SE-2024/occupi/occupi-backend/pkg/utils/OTP.go:9.36,12.16 3 0
github.com/COS301-SE-2024/occupi/occupi-backend/pkg/utils/OTP.go:12.16,14.3 1 0
github.com/COS301-SE-2024/occupi/occupi-backend/pkg/utils/OTP.go:15.2,16.21 2 0
github.com/COS301-SE-2024/occupi/occupi-backend/pkg/utils/response.go:16.9,22.2 1 1
github.com/COS301-SE-2024/occupi/occupi-backend/pkg/utils/response.go:30.9,37.2 1 1
github.com/COS301-SE-2024/occupi/occupi-backend/pkg/utils/response.go:46.9,56.2 1 1
github.com/COS301-SE-2024/occupi/occupi-backend/pkg/utils/response.go:59.34,69.2 1 1
github.com/COS301-SE-2024/occupi/occupi-backend/pkg/utils/response.go:79.9,90.2 1 1
github.com/COS301-SE-2024/occupi/occupi-backend/pkg/utils/utils.go:22.20,27.16 3 0
github.com/COS301-SE-2024/occupi/occupi-backend/pkg/utils/utils.go:27.16,29.3 1 0
github.com/COS301-SE-2024/occupi/occupi-backend/pkg/utils/utils.go:33.2,42.35 3 0
github.com/COS301-SE-2024/occupi/occupi-backend/pkg/utils/utils.go:46.42,50.16 4 1
github.com/COS301-SE-2024/occupi/occupi-backend/pkg/utils/utils.go:50.16,52.3 1 0
github.com/COS301-SE-2024/occupi/occupi-backend/pkg/utils/utils.go:53.2,55.17 3 1
github.com/COS301-SE-2024/occupi/occupi-backend/pkg/utils/utils.go:59.34,62.16 3 1
github.com/COS301-SE-2024/occupi/occupi-backend/pkg/utils/utils.go:62.16,64.3 1 0
github.com/COS301-SE-2024/occupi/occupi-backend/pkg/utils/utils.go:65.2,66.19 2 1
github.com/COS301-SE-2024/occupi/occupi-backend/pkg/utils/utils.go:70.44,73.16 3 0
github.com/COS301-SE-2024/occupi/occupi-backend/pkg/utils/utils.go:73.16,75.3 1 0
github.com/COS301-SE-2024/occupi/occupi-backend/pkg/utils/utils.go:77.2,79.19 2 0
github.com/COS301-SE-2024/occupi/occupi-backend/pkg/utils/utils.go:83.94,89.31 4 0
github.com/COS301-SE-2024/occupi/occupi-backend/pkg/utils/utils.go:89.31,91.25 2 0
github.com/COS301-SE-2024/occupi/occupi-backend/pkg/utils/utils.go:91.25,93.62 2 0
github.com/COS301-SE-2024/occupi/occupi-backend/pkg/utils/utils.go:93.62,97.5 3 0
github.com/COS301-SE-2024/occupi/occupi-backend/pkg/utils/utils.go:102.2,104.20 2 0
github.com/COS301-SE-2024/occupi/occupi-backend/pkg/utils/utils.go:108.41,111.2 2 1
github.com/COS301-SE-2024/occupi/occupi-backend/pkg/utils/utils.go:114.39,118.2 2 1
github.com/COS301-SE-2024/occupi/occupi-backend/pkg/utils/utils.go:121.45,130.23 2 1
github.com/COS301-SE-2024/occupi/occupi-backend/pkg/utils/utils.go:130.23,132.3 1 1
github.com/COS301-SE-2024/occupi/occupi-backend/pkg/utils/utils.go:134.2,134.44 1 1
github.com/COS301-SE-2024/occupi/occupi-backend/pkg/utils/utils.go:134.44,136.3 1 1
github.com/COS301-SE-2024/occupi/occupi-backend/pkg/utils/utils.go:138.2,138.44 1 1
github.com/COS301-SE-2024/occupi/occupi-backend/pkg/utils/utils.go:138.44,140.3 1 1
github.com/COS301-SE-2024/occupi/occupi-backend/pkg/utils/utils.go:142.2,142.34 1 1
github.com/COS301-SE-2024/occupi/occupi-backend/pkg/utils/utils.go:142.34,144.3 1 1
github.com/COS301-SE-2024/occupi/occupi-backend/pkg/utils/utils.go:146.2,146.40 1 1
github.com/COS301-SE-2024/occupi/occupi-backend/pkg/utils/utils.go:146.40,148.3 1 1
github.com/COS301-SE-2024/occupi/occupi-backend/pkg/utils/utils.go:150.2,150.13 1 1
github.com/COS301-SE-2024/occupi/occupi-backend/pkg/utils/utils.go:154.35,158.2 2 1
github.com/COS301-SE-2024/occupi/occupi-backend/pkg/utils/utils.go:161.52,167.16 2 1
github.com/COS301-SE-2024/occupi/occupi-backend/pkg/utils/utils.go:167.16,169.3 1 0
github.com/COS301-SE-2024/occupi/occupi-backend/pkg/utils/utils.go:170.2,170.18 1 1
github.com/COS301-SE-2024/occupi/occupi-backend/pkg/utils/utils.go:174.80,178.16 2 1
github.com/COS301-SE-2024/occupi/occupi-backend/pkg/utils/utils.go:178.16,180.3 1 1
github.com/COS301-SE-2024/occupi/occupi-backend/pkg/utils/utils.go:181.2,181.19 1 1
github.com/COS301-SE-2024/occupi/occupi-backend/pkg/utils/utils.go:184.20,187.2 0 0
